{"/home/runner/work/nexpat/nexpat/clinicq_frontend/src/App.jsx": {"path":"/home/runner/work/nexpat/nexpat/clinicq_frontend/src/App.jsx","statementMap":{"0":{"start":{"line":9,"column":17},"end":{"line":20,"column":1}},"1":{"start":{"line":10,"column":2},"end":{"line":19,"column":8}},"2":{"start":{"line":24,"column":2},"end":{"line":35,"column":4}}},"fnMap":{"0":{"name":"(anonymous_0)","decl":{"start":{"line":9,"column":17},"end":{"line":9,"column":18}},"loc":{"start":{"line":10,"column":2},"end":{"line":19,"column":8}},"line":10},"1":{"name":"App","decl":{"start":{"line":23,"column":9},"end":{"line":23,"column":12}},"loc":{"start":{"line":23,"column":15},"end":{"line":36,"column":1}},"line":23}},"branchMap":{},"s":{"0":1,"1":4,"2":2},"f":{"0":4,"1":2},"b":{},"_coverageSchema":"1a1c01bbd47fc00a2c39e90264f33305004495a9","hash":"9131b0553ac964860fa3757d87fe14dbf0cdc69a"}
,"/home/runner/work/nexpat/nexpat/clinicq_frontend/src/pages/AssistantPage.jsx": {"path":"/home/runner/work/nexpat/nexpat/clinicq_frontend/src/pages/AssistantPage.jsx","statementMap":{"0":{"start":{"line":5,"column":22},"end":{"line":117,"column":1}},"1":{"start":{"line":6,"column":40},"end":{"line":6,"column":52}},"2":{"start":{"line":7,"column":44},"end":{"line":7,"column":61}},"3":{"start":{"line":8,"column":46},"end":{"line":8,"column":60}},"4":{"start":{"line":9,"column":28},"end":{"line":9,"column":40}},"5":{"start":{"line":10,"column":36},"end":{"line":10,"column":51}},"6":{"start":{"line":12,"column":23},"end":{"line":58,"column":3}},"7":{"start":{"line":13,"column":4},"end":{"line":13,"column":23}},"8":{"start":{"line":14,"column":4},"end":{"line":14,"column":17}},"9":{"start":{"line":15,"column":4},"end":{"line":15,"column":28}},"10":{"start":{"line":16,"column":4},"end":{"line":16,"column":23}},"11":{"start":{"line":18,"column":4},"end":{"line":22,"column":5}},"12":{"start":{"line":19,"column":6},"end":{"line":19,"column":48}},"13":{"start":{"line":20,"column":6},"end":{"line":20,"column":26}},"14":{"start":{"line":21,"column":6},"end":{"line":21,"column":13}},"15":{"start":{"line":24,"column":4},"end":{"line":57,"column":5}},"16":{"start":{"line":26,"column":23},"end":{"line":29,"column":8}},"17":{"start":{"line":31,"column":25},"end":{"line":31,"column":51}},"18":{"start":{"line":32,"column":6},"end":{"line":38,"column":7}},"19":{"start":{"line":33,"column":8},"end":{"line":33,"column":38}},"20":{"start":{"line":35,"column":8},"end":{"line":35,"column":108}},"21":{"start":{"line":36,"column":8},"end":{"line":36,"column":33}},"22":{"start":{"line":37,"column":8},"end":{"line":37,"column":63}},"23":{"start":{"line":40,"column":6},"end":{"line":40,"column":25}},"24":{"start":{"line":41,"column":6},"end":{"line":41,"column":32}},"25":{"start":{"line":43,"column":6},"end":{"line":43,"column":50}},"26":{"start":{"line":44,"column":6},"end":{"line":54,"column":7}},"27":{"start":{"line":46,"column":29},"end":{"line":46,"column":46}},"28":{"start":{"line":47,"column":23},"end":{"line":47,"column":25}},"29":{"start":{"line":48,"column":8},"end":{"line":50,"column":9}},"30":{"start":{"line":49,"column":10},"end":{"line":49,"column":112}},"31":{"start":{"line":51,"column":8},"end":{"line":51,"column":69}},"32":{"start":{"line":53,"column":8},"end":{"line":53,"column":84}},"33":{"start":{"line":56,"column":6},"end":{"line":56,"column":26}},"34":{"start":{"line":60,"column":2},"end":{"line":116,"column":4}},"35":{"start":{"line":74,"column":29},"end":{"line":74,"column":59}},"36":{"start":{"line":87,"column":29},"end":{"line":87,"column":61}}},"fnMap":{"0":{"name":"(anonymous_0)","decl":{"start":{"line":5,"column":22},"end":{"line":5,"column":23}},"loc":{"start":{"line":5,"column":28},"end":{"line":117,"column":1}},"line":5},"1":{"name":"(anonymous_1)","decl":{"start":{"line":12,"column":23},"end":{"line":12,"column":24}},"loc":{"start":{"line":12,"column":36},"end":{"line":58,"column":3}},"line":12},"2":{"name":"(anonymous_2)","decl":{"start":{"line":74,"column":22},"end":{"line":74,"column":23}},"loc":{"start":{"line":74,"column":29},"end":{"line":74,"column":59}},"line":74},"3":{"name":"(anonymous_3)","decl":{"start":{"line":87,"column":22},"end":{"line":87,"column":23}},"loc":{"start":{"line":87,"column":29},"end":{"line":87,"column":61}},"line":87}},"branchMap":{"0":{"loc":{"start":{"line":18,"column":4},"end":{"line":22,"column":5}},"type":"if","locations":[{"start":{"line":18,"column":4},"end":{"line":22,"column":5}},{"start":{},"end":{}}],"line":18},"1":{"loc":{"start":{"line":32,"column":6},"end":{"line":38,"column":7}},"type":"if","locations":[{"start":{"line":32,"column":6},"end":{"line":38,"column":7}},{"start":{"line":34,"column":13},"end":{"line":38,"column":7}}],"line":32},"2":{"loc":{"start":{"line":32,"column":10},"end":{"line":32,"column":104}},"type":"binary-expr","locations":[{"start":{"line":32,"column":10},"end":{"line":32,"column":40}},{"start":{"line":32,"column":45},"end":{"line":32,"column":75}},{"start":{"line":32,"column":79},"end":{"line":32,"column":103}}],"line":32},"3":{"loc":{"start":{"line":44,"column":6},"end":{"line":54,"column":7}},"type":"if","locations":[{"start":{"line":44,"column":6},"end":{"line":54,"column":7}},{"start":{"line":52,"column":13},"end":{"line":54,"column":7}}],"line":44},"4":{"loc":{"start":{"line":44,"column":10},"end":{"line":44,"column":43}},"type":"binary-expr","locations":[{"start":{"line":44,"column":10},"end":{"line":44,"column":22}},{"start":{"line":44,"column":26},"end":{"line":44,"column":43}}],"line":44},"5":{"loc":{"start":{"line":49,"column":35},"end":{"line":49,"column":108}},"type":"cond-expr","locations":[{"start":{"line":49,"column":60},"end":{"line":49,"column":88}},{"start":{"line":49,"column":91},"end":{"line":49,"column":108}}],"line":49},"6":{"loc":{"start":{"line":101,"column":11},"end":{"line":101,"column":57}},"type":"cond-expr","locations":[{"start":{"line":101,"column":23},"end":{"line":101,"column":38}},{"start":{"line":101,"column":41},"end":{"line":101,"column":57}}],"line":101},"7":{"loc":{"start":{"line":105,"column":7},"end":{"line":107,"column":7}},"type":"binary-expr","locations":[{"start":{"line":105,"column":7},"end":{"line":105,"column":12}},{"start":{"line":106,"column":8},"end":{"line":106,"column":86}}],"line":105},"8":{"loc":{"start":{"line":109,"column":7},"end":{"line":114,"column":7}},"type":"binary-expr","locations":[{"start":{"line":109,"column":7},"end":{"line":109,"column":30}},{"start":{"line":110,"column":8},"end":{"line":113,"column":14}}],"line":109}},"s":{"0":1,"1":39,"2":39,"3":39,"4":39,"5":39,"6":39,"7":2,"8":2,"9":2,"10":2,"11":2,"12":0,"13":0,"14":0,"15":2,"16":2,"17":1,"18":1,"19":1,"20":0,"21":0,"22":0,"23":1,"24":1,"25":1,"26":1,"27":0,"28":0,"29":0,"30":0,"31":0,"32":1,"33":2,"34":39,"35":30,"36":2},"f":{"0":39,"1":2,"2":30,"3":2},"b":{"0":[0,2],"1":[1,0],"2":[1,0,0],"3":[0,1],"4":[1,0],"5":[0,0],"6":[2,37],"7":[39,1],"8":[39,1]},"_coverageSchema":"1a1c01bbd47fc00a2c39e90264f33305004495a9","hash":"aa873932a1b7650e3558cb0febd7c36b64aaadce"}
,"/home/runner/work/nexpat/nexpat/clinicq_frontend/src/pages/DoctorPage.jsx": {"path":"/home/runner/work/nexpat/nexpat/clinicq_frontend/src/pages/DoctorPage.jsx","statementMap":{"0":{"start":{"line":5,"column":19},"end":{"line":82,"column":1}},"1":{"start":{"line":6,"column":44},"end":{"line":6,"column":56}},"2":{"start":{"line":7,"column":28},"end":{"line":7,"column":40}},"3":{"start":{"line":8,"column":36},"end":{"line":8,"column":51}},"4":{"start":{"line":10,"column":29},"end":{"line":22,"column":8}},"5":{"start":{"line":11,"column":4},"end":{"line":11,"column":23}},"6":{"start":{"line":12,"column":4},"end":{"line":12,"column":17}},"7":{"start":{"line":13,"column":4},"end":{"line":21,"column":5}},"8":{"start":{"line":14,"column":23},"end":{"line":14,"column":69}},"9":{"start":{"line":15,"column":6},"end":{"line":15,"column":44}},"10":{"start":{"line":17,"column":6},"end":{"line":17,"column":59}},"11":{"start":{"line":18,"column":6},"end":{"line":18,"column":68}},"12":{"start":{"line":20,"column":6},"end":{"line":20,"column":26}},"13":{"start":{"line":24,"column":2},"end":{"line":26,"column":27}},"14":{"start":{"line":25,"column":4},"end":{"line":25,"column":25}},"15":{"start":{"line":28,"column":25},"end":{"line":37,"column":3}},"16":{"start":{"line":29,"column":4},"end":{"line":36,"column":5}},"17":{"start":{"line":30,"column":6},"end":{"line":30,"column":56}},"18":{"start":{"line":32,"column":6},"end":{"line":32,"column":27}},"19":{"start":{"line":34,"column":6},"end":{"line":34,"column":57}},"20":{"start":{"line":35,"column":6},"end":{"line":35,"column":84}},"21":{"start":{"line":39,"column":2},"end":{"line":81,"column":4}},"22":{"start":{"line":54,"column":12},"end":{"line":69,"column":18}},"23":{"start":{"line":64,"column":31},"end":{"line":64,"column":55}}},"fnMap":{"0":{"name":"(anonymous_0)","decl":{"start":{"line":5,"column":19},"end":{"line":5,"column":20}},"loc":{"start":{"line":5,"column":25},"end":{"line":82,"column":1}},"line":5},"1":{"name":"(anonymous_1)","decl":{"start":{"line":10,"column":41},"end":{"line":10,"column":42}},"loc":{"start":{"line":10,"column":53},"end":{"line":22,"column":3}},"line":10},"2":{"name":"(anonymous_2)","decl":{"start":{"line":24,"column":12},"end":{"line":24,"column":13}},"loc":{"start":{"line":24,"column":18},"end":{"line":26,"column":3}},"line":24},"3":{"name":"(anonymous_3)","decl":{"start":{"line":28,"column":25},"end":{"line":28,"column":26}},"loc":{"start":{"line":28,"column":44},"end":{"line":37,"column":3}},"line":28},"4":{"name":"(anonymous_4)","decl":{"start":{"line":53,"column":29},"end":{"line":53,"column":30}},"loc":{"start":{"line":54,"column":12},"end":{"line":69,"column":18}},"line":54},"5":{"name":"(anonymous_5)","decl":{"start":{"line":64,"column":25},"end":{"line":64,"column":26}},"loc":{"start":{"line":64,"column":31},"end":{"line":64,"column":55}},"line":64}},"branchMap":{"0":{"loc":{"start":{"line":15,"column":23},"end":{"line":15,"column":42}},"type":"binary-expr","locations":[{"start":{"line":15,"column":23},"end":{"line":15,"column":36}},{"start":{"line":15,"column":40},"end":{"line":15,"column":42}}],"line":15},"1":{"loc":{"start":{"line":35,"column":48},"end":{"line":35,"column":80}},"type":"binary-expr","locations":[{"start":{"line":35,"column":48},"end":{"line":35,"column":74}},{"start":{"line":35,"column":78},"end":{"line":35,"column":80}}],"line":35},"2":{"loc":{"start":{"line":44,"column":7},"end":{"line":44,"column":88}},"type":"binary-expr","locations":[{"start":{"line":44,"column":7},"end":{"line":44,"column":16}},{"start":{"line":44,"column":20},"end":{"line":44,"column":88}}],"line":44},"3":{"loc":{"start":{"line":45,"column":7},"end":{"line":45,"column":94}},"type":"binary-expr","locations":[{"start":{"line":45,"column":7},"end":{"line":45,"column":12}},{"start":{"line":45,"column":16},"end":{"line":45,"column":94}}],"line":45},"4":{"loc":{"start":{"line":47,"column":7},"end":{"line":49,"column":7}},"type":"binary-expr","locations":[{"start":{"line":47,"column":7},"end":{"line":47,"column":17}},{"start":{"line":47,"column":21},"end":{"line":47,"column":47}},{"start":{"line":47,"column":51},"end":{"line":47,"column":57}},{"start":{"line":48,"column":8},"end":{"line":48,"column":88}}],"line":47},"5":{"loc":{"start":{"line":51,"column":7},"end":{"line":72,"column":7}},"type":"binary-expr","locations":[{"start":{"line":51,"column":7},"end":{"line":51,"column":31}},{"start":{"line":52,"column":8},"end":{"line":71,"column":14}}],"line":51},"6":{"loc":{"start":{"line":56,"column":94},"end":{"line":56,"column":151}},"type":"cond-expr","locations":[{"start":{"line":56,"column":108},"end":{"line":56,"column":136}},{"start":{"line":56,"column":139},"end":{"line":56,"column":151}}],"line":56},"7":{"loc":{"start":{"line":78,"column":9},"end":{"line":78,"column":53}},"type":"cond-expr","locations":[{"start":{"line":78,"column":21},"end":{"line":78,"column":36}},{"start":{"line":78,"column":39},"end":{"line":78,"column":53}}],"line":78}},"s":{"0":1,"1":7,"2":7,"3":7,"4":7,"5":3,"6":3,"7":3,"8":3,"9":3,"10":0,"11":0,"12":3,"13":7,"14":2,"15":7,"16":1,"17":1,"18":1,"19":0,"20":0,"21":7,"22":1,"23":1},"f":{"0":7,"1":3,"2":2,"3":1,"4":1,"5":1},"b":{"0":[3,1],"1":[0,0],"2":[7,2],"3":[7,0],"4":[7,5,4,4],"5":[7,1],"6":[1,0],"7":[2,5]},"_coverageSchema":"1a1c01bbd47fc00a2c39e90264f33305004495a9","hash":"f7d9e8f1fd2bcad406ebcdfba38a796ca66c1333"}
,"/home/runner/work/nexpat/nexpat/clinicq_frontend/src/pages/PublicDisplayPage.jsx": {"path":"/home/runner/work/nexpat/nexpat/clinicq_frontend/src/pages/PublicDisplayPage.jsx","statementMap":{"0":{"start":{"line":5,"column":25},"end":{"line":5,"column":29}},"1":{"start":{"line":7,"column":26},"end":{"line":101,"column":1}},"2":{"start":{"line":8,"column":44},"end":{"line":8,"column":56}},"3":{"start":{"line":9,"column":28},"end":{"line":9,"column":40}},"4":{"start":{"line":10,"column":36},"end":{"line":10,"column":50}},"5":{"start":{"line":12,"column":29},"end":{"line":26,"column":8}},"6":{"start":{"line":13,"column":4},"end":{"line":13,"column":43}},"7":{"start":{"line":13,"column":24},"end":{"line":13,"column":43}},"8":{"start":{"line":14,"column":4},"end":{"line":14,"column":17}},"9":{"start":{"line":15,"column":4},"end":{"line":25,"column":5}},"10":{"start":{"line":16,"column":23},"end":{"line":16,"column":69}},"11":{"start":{"line":17,"column":6},"end":{"line":17,"column":44}},"12":{"start":{"line":19,"column":6},"end":{"line":19,"column":59}},"13":{"start":{"line":20,"column":6},"end":{"line":20,"column":53}},"14":{"start":{"line":22,"column":6},"end":{"line":22,"column":46}},"15":{"start":{"line":22,"column":25},"end":{"line":22,"column":46}},"16":{"start":{"line":24,"column":6},"end":{"line":24,"column":26}},"17":{"start":{"line":28,"column":2},"end":{"line":36,"column":27}},"18":{"start":{"line":29,"column":4},"end":{"line":29,"column":29}},"19":{"start":{"line":31,"column":23},"end":{"line":33,"column":24}},"20":{"start":{"line":32,"column":8},"end":{"line":32,"column":34}},"21":{"start":{"line":35,"column":4},"end":{"line":35,"column":43}},"22":{"start":{"line":35,"column":17},"end":{"line":35,"column":42}},"23":{"start":{"line":38,"column":2},"end":{"line":100,"column":4}},"24":{"start":{"line":62,"column":12},"end":{"line":82,"column":18}},"25":{"start":{"line":91,"column":17},"end":{"line":93,"column":21}}},"fnMap":{"0":{"name":"(anonymous_0)","decl":{"start":{"line":7,"column":26},"end":{"line":7,"column":27}},"loc":{"start":{"line":7,"column":32},"end":{"line":101,"column":1}},"line":7},"1":{"name":"(anonymous_1)","decl":{"start":{"line":12,"column":41},"end":{"line":12,"column":42}},"loc":{"start":{"line":12,"column":74},"end":{"line":26,"column":3}},"line":12},"2":{"name":"(anonymous_2)","decl":{"start":{"line":28,"column":12},"end":{"line":28,"column":13}},"loc":{"start":{"line":28,"column":18},"end":{"line":36,"column":3}},"line":28},"3":{"name":"(anonymous_3)","decl":{"start":{"line":31,"column":35},"end":{"line":31,"column":36}},"loc":{"start":{"line":31,"column":41},"end":{"line":33,"column":5}},"line":31},"4":{"name":"(anonymous_4)","decl":{"start":{"line":35,"column":11},"end":{"line":35,"column":12}},"loc":{"start":{"line":35,"column":17},"end":{"line":35,"column":42}},"line":35},"5":{"name":"(anonymous_5)","decl":{"start":{"line":61,"column":29},"end":{"line":61,"column":30}},"loc":{"start":{"line":62,"column":12},"end":{"line":82,"column":18}},"line":62},"6":{"name":"(anonymous_6)","decl":{"start":{"line":90,"column":43},"end":{"line":90,"column":44}},"loc":{"start":{"line":91,"column":17},"end":{"line":93,"column":21}},"line":91}},"branchMap":{"0":{"loc":{"start":{"line":12,"column":48},"end":{"line":12,"column":69}},"type":"default-arg","locations":[{"start":{"line":12,"column":64},"end":{"line":12,"column":69}}],"line":12},"1":{"loc":{"start":{"line":13,"column":4},"end":{"line":13,"column":43}},"type":"if","locations":[{"start":{"line":13,"column":4},"end":{"line":13,"column":43}},{"start":{},"end":{}}],"line":13},"2":{"loc":{"start":{"line":17,"column":23},"end":{"line":17,"column":42}},"type":"binary-expr","locations":[{"start":{"line":17,"column":23},"end":{"line":17,"column":36}},{"start":{"line":17,"column":40},"end":{"line":17,"column":42}}],"line":17},"3":{"loc":{"start":{"line":22,"column":6},"end":{"line":22,"column":46}},"type":"if","locations":[{"start":{"line":22,"column":6},"end":{"line":22,"column":46}},{"start":{},"end":{}}],"line":22},"4":{"loc":{"start":{"line":45,"column":7},"end":{"line":47,"column":7}},"type":"binary-expr","locations":[{"start":{"line":45,"column":7},"end":{"line":45,"column":16}},{"start":{"line":45,"column":20},"end":{"line":45,"column":46}},{"start":{"line":46,"column":8},"end":{"line":46,"column":83}}],"line":45},"5":{"loc":{"start":{"line":48,"column":7},"end":{"line":50,"column":7}},"type":"binary-expr","locations":[{"start":{"line":48,"column":7},"end":{"line":48,"column":12}},{"start":{"line":49,"column":8},"end":{"line":49,"column":105}}],"line":48},"6":{"loc":{"start":{"line":52,"column":7},"end":{"line":57,"column":7}},"type":"binary-expr","locations":[{"start":{"line":52,"column":7},"end":{"line":52,"column":17}},{"start":{"line":52,"column":21},"end":{"line":52,"column":47}},{"start":{"line":52,"column":51},"end":{"line":52,"column":57}},{"start":{"line":53,"column":8},"end":{"line":56,"column":14}}],"line":52},"7":{"loc":{"start":{"line":59,"column":7},"end":{"line":85,"column":7}},"type":"binary-expr","locations":[{"start":{"line":59,"column":7},"end":{"line":59,"column":31}},{"start":{"line":60,"column":8},"end":{"line":84,"column":14}}],"line":59},"8":{"loc":{"start":{"line":65,"column":28},"end":{"line":67,"column":70}},"type":"cond-expr","locations":[{"start":{"line":66,"column":30},"end":{"line":66,"column":74}},{"start":{"line":67,"column":30},"end":{"line":67,"column":70}}],"line":65},"9":{"loc":{"start":{"line":70,"column":69},"end":{"line":70,"column":118}},"type":"cond-expr","locations":[{"start":{"line":70,"column":83},"end":{"line":70,"column":100}},{"start":{"line":70,"column":103},"end":{"line":70,"column":118}}],"line":70},"10":{"loc":{"start":{"line":73,"column":66},"end":{"line":73,"column":113}},"type":"cond-expr","locations":[{"start":{"line":73,"column":80},"end":{"line":73,"column":95}},{"start":{"line":73,"column":98},"end":{"line":73,"column":113}}],"line":73},"11":{"loc":{"start":{"line":77,"column":15},"end":{"line":81,"column":15}},"type":"binary-expr","locations":[{"start":{"line":77,"column":15},"end":{"line":77,"column":26}},{"start":{"line":78,"column":16},"end":{"line":80,"column":20}}],"line":77},"12":{"loc":{"start":{"line":86,"column":8},"end":{"line":98,"column":7}},"type":"binary-expr","locations":[{"start":{"line":86,"column":8},"end":{"line":86,"column":32}},{"start":{"line":87,"column":8},"end":{"line":97,"column":14}}],"line":86},"13":{"loc":{"start":{"line":95,"column":13},"end":{"line":95,"column":93}},"type":"binary-expr","locations":[{"start":{"line":95,"column":13},"end":{"line":95,"column":37}},{"start":{"line":95,"column":41},"end":{"line":95,"column":93}}],"line":95}},"s":{"0":1,"1":1,"2":4,"3":4,"4":4,"5":4,"6":2,"7":0,"8":2,"9":2,"10":2,"11":2,"12":0,"13":0,"14":0,"15":0,"16":2,"17":4,"18":2,"19":2,"20":0,"21":2,"22":2,"23":4,"24":0,"25":0},"f":{"0":4,"1":2,"2":2,"3":0,"4":2,"5":0,"6":0},"b":{"0":[0],"1":[0,2],"2":[2,1],"3":[0,0],"4":[4,2,2],"5":[4,0],"6":[4,2,2,2],"7":[4,0],"8":[0,0],"9":[0,0],"10":[0,0],"11":[0,0],"12":[4,0],"13":[0,0]},"_coverageSchema":"1a1c01bbd47fc00a2c39e90264f33305004495a9","hash":"776c32d6002fedd5c795104820480c16fcc4833e"}
}
