TN:
SF:src/App.jsx
FN:9,(anonymous_0)
FN:23,App
FNF:2
FNH:2
FNDA:4,(anonymous_0)
FNDA:2,App
DA:9,1
DA:10,4
DA:24,2
LF:3
LH:3
BRF:0
BRH:0
end_of_record
TN:
SF:src/pages/AssistantPage.jsx
FN:5,(anonymous_0)
FN:12,(anonymous_1)
FN:74,(anonymous_2)
FN:87,(anonymous_3)
FNF:4
FNH:4
FNDA:39,(anonymous_0)
FNDA:2,(anonymous_1)
FNDA:30,(anonymous_2)
FNDA:2,(anonymous_3)
DA:5,1
DA:6,39
DA:7,39
DA:8,39
DA:9,39
DA:10,39
DA:12,39
DA:13,2
DA:14,2
DA:15,2
DA:16,2
DA:18,2
DA:19,0
DA:20,0
DA:21,0
DA:24,2
DA:26,2
DA:31,1
DA:32,1
DA:33,1
DA:35,0
DA:36,0
DA:37,0
DA:40,1
DA:41,1
DA:43,1
DA:44,1
DA:46,0
DA:47,0
DA:48,0
DA:49,0
DA:51,0
DA:53,1
DA:56,2
DA:60,39
DA:74,30
DA:87,2
LF:37
LH:26
BRDA:18,0,0,0
BRDA:18,0,1,2
BRDA:32,1,0,1
BRDA:32,1,1,0
BRDA:32,2,0,1
BRDA:32,2,1,0
BRDA:32,2,2,0
BRDA:44,3,0,0
BRDA:44,3,1,1
BRDA:44,4,0,1
BRDA:44,4,1,0
BRDA:49,5,0,0
BRDA:49,5,1,0
BRDA:101,6,0,2
BRDA:101,6,1,37
BRDA:105,7,0,39
BRDA:105,7,1,1
BRDA:109,8,0,39
BRDA:109,8,1,1
BRF:19
BRH:11
end_of_record
TN:
SF:src/pages/DoctorPage.jsx
FN:5,(anonymous_0)
FN:10,(anonymous_1)
FN:24,(anonymous_2)
FN:28,(anonymous_3)
FN:53,(anonymous_4)
FN:64,(anonymous_5)
FNF:6
FNH:6
FNDA:7,(anonymous_0)
FNDA:3,(anonymous_1)
FNDA:2,(anonymous_2)
FNDA:1,(anonymous_3)
FNDA:1,(anonymous_4)
FNDA:1,(anonymous_5)
DA:5,1
DA:6,7
DA:7,7
DA:8,7
DA:10,7
DA:11,3
DA:12,3
DA:13,3
DA:14,3
DA:15,3
DA:17,0
DA:18,0
DA:20,3
DA:24,7
DA:25,2
DA:28,7
DA:29,1
DA:30,1
DA:32,1
DA:34,0
DA:35,0
DA:39,7
DA:54,1
DA:64,1
LF:24
LH:20
BRDA:15,0,0,3
BRDA:15,0,1,1
BRDA:35,1,0,0
BRDA:35,1,1,0
BRDA:44,2,0,7
BRDA:44,2,1,2
BRDA:45,3,0,7
BRDA:45,3,1,0
BRDA:47,4,0,7
BRDA:47,4,1,5
BRDA:47,4,2,4
BRDA:47,4,3,4
BRDA:51,5,0,7
BRDA:51,5,1,1
BRDA:56,6,0,1
BRDA:56,6,1,0
BRDA:78,7,0,2
BRDA:78,7,1,5
BRF:18
BRH:14
end_of_record
TN:
SF:src/pages/PublicDisplayPage.jsx
FN:7,(anonymous_0)
FN:12,(anonymous_1)
FN:28,(anonymous_2)
FN:31,(anonymous_3)
FN:35,(anonymous_4)
FN:61,(anonymous_5)
FN:90,(anonymous_6)
FNF:7
FNH:4
FNDA:4,(anonymous_0)
FNDA:2,(anonymous_1)
FNDA:2,(anonymous_2)
FNDA:0,(anonymous_3)
FNDA:2,(anonymous_4)
FNDA:0,(anonymous_5)
FNDA:0,(anonymous_6)
DA:5,1
DA:7,1
DA:8,4
DA:9,4
DA:10,4
DA:12,4
DA:13,2
DA:14,2
DA:15,2
DA:16,2
DA:17,2
DA:19,0
DA:20,0
DA:22,0
DA:24,2
DA:28,4
DA:29,2
DA:31,2
DA:32,0
DA:35,2
DA:38,4
DA:62,0
DA:91,0
LF:23
LH:17
BRDA:12,0,0,0
BRDA:13,1,0,0
BRDA:13,1,1,2
BRDA:17,2,0,2
BRDA:17,2,1,1
BRDA:22,3,0,0
BRDA:22,3,1,0
BRDA:45,4,0,4
BRDA:45,4,1,2
BRDA:45,4,2,2
BRDA:48,5,0,4
BRDA:48,5,1,0
BRDA:52,6,0,4
BRDA:52,6,1,2
BRDA:52,6,2,2
BRDA:52,6,3,2
BRDA:59,7,0,4
BRDA:59,7,1,0
BRDA:65,8,0,0
BRDA:65,8,1,0
BRDA:70,9,0,0
BRDA:70,9,1,0
BRDA:73,10,0,0
BRDA:73,10,1,0
BRDA:77,11,0,0
BRDA:77,11,1,0
BRDA:86,12,0,4
BRDA:86,12,1,0
BRDA:95,13,0,0
BRDA:95,13,1,0
BRF:30
BRH:13
end_of_record
